<?xml version="1.0" encoding="UTF-8"?>
<!-- Generated by org.testng.reporters.JUnitReportReporter -->
<testsuite ignored="0" hostname="SIPUs-MBP.lan" failures="0" tests="4" name="test.NewProductEntryPageTest" time="9.176" errors="0" timestamp="11 Aug 2022 23:29:28 GMT" skipped="0">
  <testcase classname="test.NewProductEntryPageTest" name="loginPageTest" time="2.579"/>
  <testcase classname="test.NewProductEntryPageTest" name="productPageTest" time="0.694"/>
  <testcase classname="test.NewProductEntryPageTest" name="newProductPageTest" time="0.619"/>
  <testcase classname="test.NewProductEntryPageTest" name="NewProductEntryPageTest" time="5.284"/>
</testsuite> <!-- test.NewProductEntryPageTest -->
