<?xml version="1.0" encoding="UTF-8"?>
<!-- Generated by org.testng.reporters.JUnitReportReporter -->
<testsuite ignored="0" hostname="SIPUs-MBP.lan" failures="0" tests="3" name="test.ListPageTest" time="3.995" errors="0" timestamp="29 Jul 2022 12:22:08 GMT" skipped="0">
  <testcase classname="test.ListPageTest" name="loginPageTest" time="2.571"/>
  <testcase classname="test.ListPageTest" name="productPageTest" time="0.827"/>
  <testcase classname="test.ListPageTest" name="listPageTest" time="0.597"/>
</testsuite> <!-- test.ListPageTest -->
