<?xml version="1.0" encoding="UTF-8"?>
<!-- Generated by org.testng.reporters.JUnitReportReporter -->
<testsuite ignored="0" hostname="SIPUs-MBP.lan" failures="0" tests="2" name="test.ProductTest" time="3.170" errors="0" timestamp="20 Jul 2022 03:20:59 GMT" skipped="0">
  <testcase classname="test.ProductTest" name="productPageTest" time="0.709"/>
  <testcase classname="test.ProductTest" name="loginPageTest" time="2.461"/>
</testsuite> <!-- test.ProductTest -->
