<?xml version="1.0" encoding="UTF-8"?>
<!-- Generated by org.testng.reporters.JUnitReportReporter -->
<testsuite ignored="0" hostname="SIPUs-MBP.lan" failures="0" tests="2" name="test.ProductPageTest" time="3.957" errors="0" timestamp="21 Jul 2022 16:48:41 GMT" skipped="0">
  <testcase classname="test.ProductPageTest" name="productPageTest" time="1.071"/>
  <testcase classname="test.ProductPageTest" name="loginPageTest" time="2.886"/>
</testsuite> <!-- test.ProductPageTest -->
