<?xml version="1.0" encoding="UTF-8"?>
<!-- Generated by org.testng.reporters.JUnitReportReporter -->
<testsuite ignored="0" hostname="SIPUs-MBP.lan" failures="0" tests="1" name="test.HomePageTest" time="1.064" errors="0" timestamp="17 Jul 2022 20:35:30 GMT" skipped="0">
  <testcase classname="test.HomePageTest" name="homePageTest" time="1.064"/>
</testsuite> <!-- test.HomePageTest -->
