<?xml version="1.0" encoding="UTF-8"?>
<!-- Generated by org.testng.reporters.JUnitReportReporter -->
<testsuite ignored="0" hostname="SIPUs-MBP.lan" failures="0" tests="1" name="test.LoginPageTest" time="2.445" errors="0" timestamp="20 Jul 2022 02:38:43 GMT" skipped="0">
  <testcase classname="test.LoginPageTest" name="loginPageTest" time="2.445"/>
</testsuite> <!-- test.LoginPageTest -->
