<?xml version="1.0" encoding="UTF-8"?>
<!-- Generated by org.testng.reporters.JUnitReportReporter -->
<testsuite ignored="0" hostname="SIPUs-MBP.lan" failures="0" tests="23" name="test.ProductValidationPageTest" time="6.669" errors="0" timestamp="13 Aug 2022 02:24:17 GMT" skipped="0">
  <testcase classname="test.ProductValidationPageTest" name="accountingCodeSaleExportValidationTest" time="0.056"/>
  <testcase classname="test.ProductValidationPageTest" name="loginPageTest" time="4.100"/>
  <testcase classname="test.ProductValidationPageTest" name="originValidationTest" time="0.048"/>
  <testcase classname="test.ProductValidationPageTest" name="defaultWarehouseValidationTest" time="0.050"/>
  <testcase classname="test.ProductValidationPageTest" name="lengthWidthHeigthValidationTest" time="0.068"/>
  <testcase classname="test.ProductValidationPageTest" name="accountingCodeSaleValidationTest" time="0.053"/>
  <testcase classname="test.ProductValidationPageTest" name="listOfProductsPageTest" time="0.899"/>
  <testcase classname="test.ProductValidationPageTest" name="refValidationTest" time="0.102"/>
  <testcase classname="test.ProductValidationPageTest" name="descriptionValidationTest" time="0.052"/>
  <testcase classname="test.ProductValidationPageTest" name="customHSCodeValidationTest" time="0.052"/>
  <testcase classname="test.ProductValidationPageTest" name="notesTest" time="0.493"/>
  <testcase classname="test.ProductValidationPageTest" name="notesPrivateValidationTest" time="0.058"/>
  <testcase classname="test.ProductValidationPageTest" name="barcodeValueValidationTest" time="0.069"/>
  <testcase classname="test.ProductValidationPageTest" name="weightValidationTest" time="0.056"/>
  <testcase classname="test.ProductValidationPageTest" name="publicURLValidationTest" time="0.056"/>
  <testcase classname="test.ProductValidationPageTest" name="barcodeTypeValidationTest" time="0.062"/>
  <testcase classname="test.ProductValidationPageTest" name="labelValidationTest" time="0.064"/>
  <testcase classname="test.ProductValidationPageTest" name="areaValidationTest" time="0.053"/>
  <testcase classname="test.ProductValidationPageTest" name="valumeValidationTest" time="0.056"/>
  <testcase classname="test.ProductValidationPageTest" name="tagsValidationTest" time="0.040"/>
  <testcase classname="test.ProductValidationPageTest" name="accountingCodePurchaseInportValidationTest" time="0.052"/>
  <testcase classname="test.ProductValidationPageTest" name="useLotNoValidationTest" time="0.055"/>
  <testcase classname="test.ProductValidationPageTest" name="accountingCodePurchaseValidationTest" time="0.075"/>
</testsuite> <!-- test.ProductValidationPageTest -->
