<?xml version="1.0" encoding="UTF-8"?>
<!-- Generated by org.testng.reporters.JUnitReportReporter -->
<testsuite ignored="0" hostname="SIPUs-MBP.lan" failures="0" tests="4" name="test.ListOfProductsPageTest" time="5.448" errors="0" timestamp="04 Aug 2022 13:01:43 GMT" skipped="0">
  <testcase classname="test.ListOfProductsPageTest" name="listOfProductsPageTest" time="1.342"/>
  <testcase classname="test.ListOfProductsPageTest" name="loginPageTest" time="2.528"/>
  <testcase classname="test.ListOfProductsPageTest" name="listPageTest" time="0.595"/>
  <testcase classname="test.ListOfProductsPageTest" name="productPageTest" time="0.983"/>
</testsuite> <!-- test.ListOfProductsPageTest -->
