<?xml version="1.0" encoding="UTF-8"?>
<!-- Generated by org.testng.reporters.JUnitReportReporter -->
<testsuite ignored="0" hostname="SIPUs-MBP.lan" failures="0" tests="3" name="test.NewProductPageTest" time="4.897" errors="0" timestamp="21 Jul 2022 17:59:32 GMT" skipped="0">
  <testcase classname="test.NewProductPageTest" name="newProductPageTest" time="1.195"/>
  <testcase classname="test.NewProductPageTest" name="productPageTest" time="0.881"/>
  <testcase classname="test.NewProductPageTest" name="loginPageTest" time="2.821"/>
</testsuite> <!-- test.NewProductPageTest -->
